Change Component Designator: Old Designator=B1 New Designator=B?
Change Component Designator: Old Designator=B2 New Designator=B?
Change Component Designator: Old Designator=C14 New Designator=C?
Change Component Designator: Old Designator=C15 New Designator=C?
Change Component Designator: Old Designator=C22 New Designator=C?
Change Component Designator: Old Designator=C23 New Designator=C?
Change Component Designator: Old Designator=C24 New Designator=C?
Change Component Designator: Old Designator=C25 New Designator=C?
Change Component Designator: Old Designator=C26 New Designator=C?
Change Component Designator: Old Designator=C27 New Designator=C?
Change Component Designator: Old Designator=C28 New Designator=C?
Change Component Designator: Old Designator=C29 New Designator=C?
Change Component Designator: Old Designator=C30 New Designator=C?
Change Component Designator: Old Designator=C31 New Designator=C?
Change Component Designator: Old Designator=C32 New Designator=C?
Change Component Designator: Old Designator=C33 New Designator=C?
Change Component Designator: Old Designator=C34 New Designator=C?
Change Component Designator: Old Designator=L1 New Designator=L?
Change Component Designator: Old Designator=R29 New Designator=R?
Change Component Designator: Old Designator=R30 New Designator=R?
Change Component Designator: Old Designator=R33 New Designator=R?
Change Component Designator: Old Designator=R34 New Designator=R?
Change Component Designator: Old Designator=R35 New Designator=R?
Change Component Designator: Old Designator=R36 New Designator=R?
Change Component Designator: Old Designator=R37 New Designator=R?
Change Component Designator: Old Designator=SB17 New Designator=SB?
Change Component Designator: Old Designator=SB18 New Designator=SB?
Change Component Designator: Old Designator=SB19 New Designator=SB?
Change Component Designator: Old Designator=SB22 New Designator=SB?
Change Component Designator: Old Designator=SB23 New Designator=SB?
Change Component Designator: Old Designator=SB26 New Designator=SB?
Change Component Designator: Old Designator=SB27 New Designator=SB?
Change Component Designator: Old Designator=SB30 New Designator=SB?
Change Component Designator: Old Designator=SB31 New Designator=SB?
Change Component Designator: Old Designator=SB32 New Designator=SB?
Change Component Designator: Old Designator=SB33 New Designator=SB?
Change Component Designator: Old Designator=SB34 New Designator=SB?
Change Component Designator: Old Designator=SB37 New Designator=SB?
Change Component Designator: Old Designator=SB38 New Designator=SB?
Change Component Designator: Old Designator=SB43 New Designator=SB?
Change Component Designator: Old Designator=SB45 New Designator=SB?
Change Component Designator: Old Designator=SB47 New Designator=SB?
Change Component Designator: Old Designator=SB50 New Designator=SB?
Change Component Designator: Old Designator=SB53 New Designator=SB?
Change Component Designator: Old Designator=SB57 New Designator=SB?
Change Component Designator: Old Designator=SB58 New Designator=SB?
Change Component Designator: Old Designator=SB59 New Designator=SB?
Change Component Designator: Old Designator=SB60 New Designator=SB?
Change Component Designator: Old Designator=SB61 New Designator=SB?
Change Component Designator: Old Designator=SB62 New Designator=SB?
Change Component Designator: Old Designator=SB63 New Designator=SB?
Change Component Designator: Old Designator=SB64 New Designator=SB?
Change Component Designator: Old Designator=SB65 New Designator=SB?
Change Component Designator: Old Designator=U5 New Designator=U?
Change Component Designator: Old Designator=U5 New Designator=U?
Change Component Designator: Old Designator=X2 New Designator=X?
Change Component Designator: Old Designator=X3 New Designator=X?
