Change Component Designator: Old Designator=B? New Designator=B1
Change Component Designator: Old Designator=B? New Designator=B2
Change Component Designator: Old Designator=C? New Designator=C20
Change Component Designator: Old Designator=C? New Designator=C21
Change Component Designator: Old Designator=C? New Designator=C22
Change Component Designator: Old Designator=C? New Designator=C23
Change Component Designator: Old Designator=C? New Designator=C24
Change Component Designator: Old Designator=C? New Designator=C25
Change Component Designator: Old Designator=C? New Designator=C26
Change Component Designator: Old Designator=C? New Designator=C27
Change Component Designator: Old Designator=C? New Designator=C28
Change Component Designator: Old Designator=C? New Designator=C29
Change Component Designator: Old Designator=C? New Designator=C30
Change Component Designator: Old Designator=C? New Designator=C31
Change Component Designator: Old Designator=C? New Designator=C32
Change Component Designator: Old Designator=C? New Designator=C33
Change Component Designator: Old Designator=C? New Designator=C34
Change Component Designator: Old Designator=L? New Designator=L1
Change Component Designator: Old Designator=R? New Designator=R30
Change Component Designator: Old Designator=R? New Designator=R31
Change Component Designator: Old Designator=R? New Designator=R32
Change Component Designator: Old Designator=R? New Designator=R33
Change Component Designator: Old Designator=R? New Designator=R34
Change Component Designator: Old Designator=R? New Designator=R35
Change Component Designator: Old Designator=R? New Designator=R36
Change Component Designator: Old Designator=SB? New Designator=SB17
Change Component Designator: Old Designator=SB? New Designator=SB18
Change Component Designator: Old Designator=SB? New Designator=SB19
Change Component Designator: Old Designator=SB? New Designator=SB20
Change Component Designator: Old Designator=SB? New Designator=SB21
Change Component Designator: Old Designator=SB? New Designator=SB22
Change Component Designator: Old Designator=SB? New Designator=SB23
Change Component Designator: Old Designator=SB? New Designator=SB24
Change Component Designator: Old Designator=SB? New Designator=SB25
Change Component Designator: Old Designator=SB? New Designator=SB26
Change Component Designator: Old Designator=SB? New Designator=SB27
Change Component Designator: Old Designator=SB? New Designator=SB28
Change Component Designator: Old Designator=SB? New Designator=SB29
Change Component Designator: Old Designator=SB? New Designator=SB30
Change Component Designator: Old Designator=SB? New Designator=SB31
Change Component Designator: Old Designator=SB? New Designator=SB32
Change Component Designator: Old Designator=SB? New Designator=SB33
Change Component Designator: Old Designator=SB? New Designator=SB34
Change Component Designator: Old Designator=SB? New Designator=SB35
Change Component Designator: Old Designator=SB? New Designator=SB36
Change Component Designator: Old Designator=SB? New Designator=SB37
Change Component Designator: Old Designator=SB? New Designator=SB38
Change Component Designator: Old Designator=SB? New Designator=SB39
Change Component Designator: Old Designator=SB? New Designator=SB40
Change Component Designator: Old Designator=SB? New Designator=SB41
Change Component Designator: Old Designator=SB? New Designator=SB42
Change Component Designator: Old Designator=SB? New Designator=SB43
Change Component Designator: Old Designator=SB? New Designator=SB44
Change Component Designator: Old Designator=U? New Designator=U5
Change Component Designator: Old Designator=U? New Designator=U5
Change Component Designator: Old Designator=X? New Designator=X2
Change Component Designator: Old Designator=X? New Designator=X3
